build/app/intermediates/manifest_merge_blame_file/release/manifest-merger-blame-release-report.txt
1<?xml version="1.0" encoding="utf-8"?>
2<manifest xmlns:android="http://schemas.android.com/apk/res/android"
3    package="com.example.followyoloapp"
4    android:versionCode="4001"
5    android:versionName="1.0.0" >
6
7    <uses-sdk
8        android:minSdkVersion="16"
8-->src/main/AndroidManifest.xml
9        android:targetSdkVersion="30" />
9-->src/main/AndroidManifest.xml
10
11    <uses-permission android:name="android.permission.VIBRATE" />
11-->src/main/AndroidManifest.xml:4:1-61
11-->src/main/AndroidManifest.xml:4:18-59
12    <uses-permission android:name="android.permission.MEDIA_CONTENT_CONTROL" />
12-->src/main/AndroidManifest.xml:5:1-75
12-->src/main/AndroidManifest.xml:5:18-73
13    <uses-permission android:name="android.permission.RECEIVE_BOOT_COMPLETED" />
13-->src/main/AndroidManifest.xml:6:1-76
13-->src/main/AndroidManifest.xml:6:18-74
14    <uses-permission android:name="android.permission.READ_EXTERNAL_STORAGE" />
14-->src/main/AndroidManifest.xml:7:1-75
14-->src/main/AndroidManifest.xml:7:18-73
15    <uses-permission android:name="android.permission.WRITE_EXTERNAL_STORAGE" />
15-->src/main/AndroidManifest.xml:8:1-76
15-->src/main/AndroidManifest.xml:8:18-74
16    <uses-permission android:name="android.permission.INTERNET" />
16-->src/main/AndroidManifest.xml:9:1-63
16-->src/main/AndroidManifest.xml:9:18-60
17    <uses-permission android:name="android.permission.CAMERA" />
17-->src/main/AndroidManifest.xml:10:1-61
17-->src/main/AndroidManifest.xml:10:18-58
18
19    <uses-feature android:name="android.hardware.camera" />
19-->src/main/AndroidManifest.xml:11:1-56
19-->src/main/AndroidManifest.xml:11:15-53
20
21    <uses-permission android:name="android.permission.FLASHLIGHT" />
21-->src/main/AndroidManifest.xml:12:1-65
21-->src/main/AndroidManifest.xml:12:18-62
22    <uses-permission android:name="android.permission.USE_FULL_SCREEN_INTENT" />
22-->[:flutter_local_notifications] AndroidManifest.xml:9:5-81
22-->[:flutter_local_notifications] AndroidManifest.xml:9:22-78
23
24    <application
24-->src/main/AndroidManifest.xml:15:4-67:19
25        android:appComponentFactory="androidx.core.app.CoreComponentFactory"
25-->[androidx.core:core:1.3.0] AndroidManifest.xml:24:18-86
26        android:icon="@mipmap/ic_launcher"
26-->src/main/AndroidManifest.xml:17:9-43
27        android:label="followyoloapp"
27-->src/main/AndroidManifest.xml:16:9-38
28        android:largeHeap="true"
28-->[:flutter_barcode_scanner] AndroidManifest.xml:16:9-33
29        android:theme="@style/Theme.AppCompat.NoActionBar" >
29-->[:flutter_barcode_scanner] AndroidManifest.xml:17:9-59
30        <activity android:name="com.apptreesoftware.barcodescan.BarcodeScannerActivity" />
30-->src/main/AndroidManifest.xml:18:9-90
30-->src/main/AndroidManifest.xml:18:19-88
31
32        <receiver android:name="com.dexterous.flutterlocalnotifications.ScheduledNotificationBootReceiver" >
32-->src/main/AndroidManifest.xml:19:8-23:20
32-->src/main/AndroidManifest.xml:19:18-106
33            <intent-filter>
33-->src/main/AndroidManifest.xml:20:9-22:24
34                <action android:name="android.intent.action.BOOT_COMPLETED" />
34-->src/main/AndroidManifest.xml:21:9-78
34-->src/main/AndroidManifest.xml:21:17-68
35            </intent-filter>
36            <intent-filter>
36-->[:flutter_local_notifications] AndroidManifest.xml:14:13-19:29
37                <action android:name="android.intent.action.BOOT_COMPLETED" />
37-->src/main/AndroidManifest.xml:21:9-78
37-->src/main/AndroidManifest.xml:21:17-68
38                <action android:name="android.intent.action.MY_PACKAGE_REPLACED" />
38-->[:flutter_local_notifications] AndroidManifest.xml:16:17-84
38-->[:flutter_local_notifications] AndroidManifest.xml:16:25-81
39                <action android:name="android.intent.action.QUICKBOOT_POWERON" />
39-->[:flutter_local_notifications] AndroidManifest.xml:17:17-82
39-->[:flutter_local_notifications] AndroidManifest.xml:17:25-79
40                <action android:name="com.htc.intent.action.QUICKBOOT_POWERON" />
40-->[:flutter_local_notifications] AndroidManifest.xml:18:17-82
40-->[:flutter_local_notifications] AndroidManifest.xml:18:25-79
41            </intent-filter>
42        </receiver>
43        <receiver android:name="com.dexterous.flutterlocalnotifications.ScheduledNotificationReceiver" />
43-->src/main/AndroidManifest.xml:24:9-106
43-->src/main/AndroidManifest.xml:24:19-103
44
45        <activity
45-->src/main/AndroidManifest.xml:25:9-53:20
46            android:name="com.example.followyoloapp.MainActivity"
46-->src/main/AndroidManifest.xml:26:13-41
47            android:configChanges="orientation|keyboardHidden|keyboard|screenSize|smallestScreenSize|locale|layoutDirection|fontScale|screenLayout|density|uiMode"
47-->src/main/AndroidManifest.xml:29:13-163
48            android:hardwareAccelerated="true"
48-->src/main/AndroidManifest.xml:30:13-47
49            android:launchMode="singleTop"
49-->src/main/AndroidManifest.xml:27:13-43
50            android:theme="@style/LaunchTheme"
50-->src/main/AndroidManifest.xml:28:13-47
51            android:windowSoftInputMode="adjustResize" >
51-->src/main/AndroidManifest.xml:31:13-55
52
53            <!--
54                 Specifies an Android theme to apply to this Activity as soon as
55                 the Android process has started. This theme is visible to the user
56                 while the Flutter UI initializes. After that, this theme continues
57                 to determine the Window background behind the Flutter UI.
58            -->
59            <meta-data
59-->src/main/AndroidManifest.xml:36:13-39:17
60                android:name="io.flutter.embedding.android.NormalTheme"
60-->src/main/AndroidManifest.xml:37:15-70
61                android:resource="@style/NormalTheme" />
61-->src/main/AndroidManifest.xml:38:15-52
62            <!--
63                 Displays an Android View that continues showing the launch screen
64                 Drawable until Flutter paints its first frame, then this splash
65                 screen fades out. A splash screen is useful to avoid any visual
66                 gap between the end of Android's launch screen and the painting of
67                 Flutter's first frame.
68            -->
69            <meta-data
69-->src/main/AndroidManifest.xml:45:13-48:17
70                android:name="io.flutter.embedding.android.SplashScreenDrawable"
70-->src/main/AndroidManifest.xml:46:15-79
71                android:resource="@drawable/launch_background" />
71-->src/main/AndroidManifest.xml:47:15-61
72
73            <intent-filter>
73-->src/main/AndroidManifest.xml:49:13-52:29
74                <action android:name="android.intent.action.MAIN" />
74-->src/main/AndroidManifest.xml:50:17-68
74-->src/main/AndroidManifest.xml:50:25-66
75
76                <category android:name="android.intent.category.LAUNCHER" />
76-->src/main/AndroidManifest.xml:51:17-76
76-->src/main/AndroidManifest.xml:51:27-74
77            </intent-filter>
78        </activity>
79
80        <receiver android:name="com.NotificationsApp.Restore" >
80-->src/main/AndroidManifest.xml:55:9-59:24
80-->src/main/AndroidManifest.xml:55:19-62
81            <intent-filter>
81-->src/main/AndroidManifest.xml:20:9-22:24
82                <action android:name="android.intent.action.BOOT_COMPLETED" />
82-->src/main/AndroidManifest.xml:21:9-78
82-->src/main/AndroidManifest.xml:21:17-68
83            </intent-filter>
84        </receiver>
85
86        <!--
87             Don't delete the meta-data below.
88             This is used by the Flutter tool to generate GeneratedPluginRegistrant.java
89        -->
90
91        <meta-data
91-->src/main/AndroidManifest.xml:64:9-66:33
92            android:name="flutterEmbedding"
92-->src/main/AndroidManifest.xml:65:13-44
93            android:value="2" />
93-->src/main/AndroidManifest.xml:66:13-30
94
95        <activity android:name="com.amolg.flutterbarcodescanner.BarcodeCaptureActivity" />
95-->[:flutter_barcode_scanner] AndroidManifest.xml:18:9-91
95-->[:flutter_barcode_scanner] AndroidManifest.xml:18:19-88
96        <activity
96-->[com.google.android.gms:play-services-base:17.0.0] AndroidManifest.xml:23:9-26:75
97            android:name="com.google.android.gms.common.api.GoogleApiActivity"
97-->[com.google.android.gms:play-services-base:17.0.0] AndroidManifest.xml:24:13-79
98            android:exported="false"
98-->[com.google.android.gms:play-services-base:17.0.0] AndroidManifest.xml:25:13-37
99            android:theme="@android:style/Theme.Translucent.NoTitleBar" />
99-->[com.google.android.gms:play-services-base:17.0.0] AndroidManifest.xml:26:13-72
100
101        <meta-data
101-->[com.google.android.gms:play-services-basement:17.0.0] AndroidManifest.xml:23:9-25:69
102            android:name="com.google.android.gms.version"
102-->[com.google.android.gms:play-services-basement:17.0.0] AndroidManifest.xml:24:13-58
103            android:value="@integer/google_play_services_version" />
103-->[com.google.android.gms:play-services-basement:17.0.0] AndroidManifest.xml:25:13-66
104    </application>
105
106</manifest>